<?xml version="1.0" encoding="UTF-8"?>
<!-- Generated by org.testng.reporters.JUnitXMLReporter -->
<testsuite ignored="0" hostname="QT-INNO-LT0982" failures="0" tests="3" name="Default test" time="34.885" errors="0" timestamp="2023-01-31T18:06:05 IST">
  <testcase classname="youtubeYT.tests.SearchPage_YT" name="Test11_Launch_application" time="30.046"/>
  <testcase classname="youtubeYT.tests.SearchPage_YT" name="Test12_Verfiy_Search_bar_is_working" time="0.239"/>
  <testcase classname="youtubeYT.tests.SearchPage_YT" name="Test13_Play_video_from_search_result" time="1.3"/>
</testsuite> <!-- Default test -->
