<?xml version="1.0" encoding="UTF-8"?>
<!-- Generated by org.testng.reporters.JUnitXMLReporter -->
<testsuite ignored="2" hostname="QT-INNO-LT0982" failures="0" tests="5" name="Test" time="27.7" errors="0" timestamp="2023-01-31T18:23:09 IST">
  <testcase classname="youtubeYT.tests.HomePage_YT" name="Test01_Launch_application" time="9.422"/>
  <testcase classname="youtubeYT.tests.HomePage_YT" name="Test02_Verfiy_Music_Tab_Hor_menu_is_present" time="0.118"/>
  <testcase classname="youtubeYT.tests.SearchPage_YT" name="Test11_Launch_application" time="9.531"/>
  <testcase classname="youtubeYT.tests.SearchPage_YT" name="Test12_Verfiy_Search_bar_is_working" time="0.195">
    <skipped/>
  </testcase> <!-- Test12_Verfiy_Search_bar_is_working -->
  <testcase classname="youtubeYT.tests.SearchPage_YT" name="Test12_Verfiy_Search_bar_is_working" time="0.262"/>
  <testcase classname="youtubeYT.tests.HomePage_YT" name="Test03_Verify_search_bar_is_present" time="0.0">
    <ignored/>
  </testcase> <!-- Test03_Verify_search_bar_is_present -->
  <testcase classname="youtubeYT.tests.SearchPage_YT" name="Test13_Play_video_from_search_result" time="0.0">
    <ignored/>
  </testcase> <!-- Test13_Play_video_from_search_result -->
</testsuite> <!-- Test -->
