<?xml version="1.0" encoding="UTF-8"?>
<testng-results retried="1" ignored="2" total="7" passed="4" failed="0" skipped="0">
  <reporter-output>
  </reporter-output>
  <suite started-at="2023-01-31T18:22:41 IST" name="Suite" finished-at="2023-01-31T18:23:09 IST" duration-ms="27700">
    <groups>
      <group name="Smoke">
        <method signature="HomePage_YT.Test01_Launch_application()[pri:0, instance:youtubeYT.tests.HomePage_YT@7526515b]" name="Test01_Launch_application" class="youtubeYT.tests.HomePage_YT"/>
        <method signature="HomePage_YT.Test02_Verfiy_Music_Tab_Hor_menu_is_present()[pri:0, instance:youtubeYT.tests.HomePage_YT@7526515b]" name="Test02_Verfiy_Music_Tab_Hor_menu_is_present" class="youtubeYT.tests.HomePage_YT"/>
        <method signature="SearchPage_YT.Test11_Launch_application()[pri:0, instance:youtubeYT.tests.SearchPage_YT@2e8c1c9b]" name="Test11_Launch_application" class="youtubeYT.tests.SearchPage_YT"/>
        <method signature="SearchPage_YT.Test12_Verfiy_Search_bar_is_working()[pri:0, instance:youtubeYT.tests.SearchPage_YT@2e8c1c9b]" name="Test12_Verfiy_Search_bar_is_working" class="youtubeYT.tests.SearchPage_YT"/>
      </group> <!-- Smoke -->
    </groups>
    <test started-at="2023-01-31T18:22:41 IST" name="Test" finished-at="2023-01-31T18:23:09 IST" duration-ms="27700">
      <class name="youtubeYT.tests.SearchPage_YT">
        <test-method is-config="true" signature="Launch_browser(java.lang.String)[pri:0, instance:youtubeYT.tests.SearchPage_YT@2e8c1c9b]" started-at="2023-01-31T18:22:57 IST" name="Launch_browser" finished-at="2023-01-31T18:22:59 IST" duration-ms="1670" status="PASS">
          <params>
            <param index="0">
              <value>
                <![CDATA[Chrome]]>
              </value>
            </param>
          </params>
          <reporter-output>
          </reporter-output>
        </test-method> <!-- Launch_browser -->
        <test-method signature="Test11_Launch_application()[pri:0, instance:youtubeYT.tests.SearchPage_YT@2e8c1c9b]" started-at="2023-01-31T18:22:59 IST" name="Test11_Launch_application" finished-at="2023-01-31T18:23:08 IST" duration-ms="9531" status="PASS">
          <reporter-output>
          </reporter-output>
        </test-method> <!-- Test11_Launch_application -->
        <test-method retried="true" signature="Test12_Verfiy_Search_bar_is_working()[pri:0, instance:youtubeYT.tests.SearchPage_YT@2e8c1c9b]" started-at="2023-01-31T18:23:08 IST" name="Test12_Verfiy_Search_bar_is_working" finished-at="2023-01-31T18:23:09 IST" duration-ms="195" status="SKIP">
          <exception class="java.lang.AssertionError">
            <message>
              <![CDATA[Search_bar is working expected [false] but found [true]]]>
            </message>
            <full-stacktrace>
              <![CDATA[java.lang.AssertionError: Search_bar is working expected [false] but found [true]
at org.testng.Assert.fail(Assert.java:110)
at org.testng.Assert.failNotEquals(Assert.java:1577)
at org.testng.Assert.assertEqualsImpl(Assert.java:149)
at org.testng.Assert.assertEquals(Assert.java:131)
at org.testng.Assert.assertEquals(Assert.java:1066)
at org.testng.Assert.assertEquals(Assert.java:1030)
at youtubeYT.tests.SearchPage_YT.Test12_Verfiy_Search_bar_is_working(SearchPage_YT.java:60)
at java.base/jdk.internal.reflect.NativeMethodAccessorImpl.invoke0(Native Method)
at java.base/jdk.internal.reflect.NativeMethodAccessorImpl.invoke(NativeMethodAccessorImpl.java:77)
at java.base/jdk.internal.reflect.DelegatingMethodAccessorImpl.invoke(DelegatingMethodAccessorImpl.java:43)
at java.base/java.lang.reflect.Method.invoke(Method.java:568)
at org.testng.internal.invokers.MethodInvocationHelper.invokeMethod(MethodInvocationHelper.java:139)
at org.testng.internal.invokers.TestInvoker.invokeMethod(TestInvoker.java:677)
at org.testng.internal.invokers.TestInvoker.invokeTestMethod(TestInvoker.java:221)
at org.testng.internal.invokers.MethodRunner.runInSequence(MethodRunner.java:50)
at org.testng.internal.invokers.TestInvoker$MethodInvocationAgent.invoke(TestInvoker.java:969)
at org.testng.internal.invokers.TestInvoker.invokeTestMethods(TestInvoker.java:194)
at org.testng.internal.invokers.TestMethodWorker.invokeTestMethods(TestMethodWorker.java:148)
at org.testng.internal.invokers.TestMethodWorker.run(TestMethodWorker.java:128)
at java.base/java.util.ArrayList.forEach(ArrayList.java:1511)
at org.testng.TestRunner.privateRun(TestRunner.java:829)
at org.testng.TestRunner.run(TestRunner.java:602)
at org.testng.SuiteRunner.runTest(SuiteRunner.java:437)
at org.testng.SuiteRunner.runSequentially(SuiteRunner.java:431)
at org.testng.SuiteRunner.privateRun(SuiteRunner.java:391)
at org.testng.SuiteRunner.run(SuiteRunner.java:330)
at org.testng.SuiteRunnerWorker.runSuite(SuiteRunnerWorker.java:52)
at org.testng.SuiteRunnerWorker.run(SuiteRunnerWorker.java:95)
at org.testng.TestNG.runSuitesSequentially(TestNG.java:1256)
at org.testng.TestNG.runSuitesLocally(TestNG.java:1176)
at org.testng.TestNG.runSuites(TestNG.java:1099)
at org.testng.TestNG.run(TestNG.java:1067)
at org.testng.remote.AbstractRemoteTestNG.run(AbstractRemoteTestNG.java:115)
at org.testng.remote.RemoteTestNG.initAndRun(RemoteTestNG.java:251)
at org.testng.remote.RemoteTestNG.main(RemoteTestNG.java:77)
]]>
            </full-stacktrace>
          </exception> <!-- java.lang.AssertionError -->
          <reporter-output>
          </reporter-output>
        </test-method> <!-- Test12_Verfiy_Search_bar_is_working -->
        <test-method signature="Test12_Verfiy_Search_bar_is_working()[pri:0, instance:youtubeYT.tests.SearchPage_YT@2e8c1c9b]" started-at="2023-01-31T18:23:09 IST" name="Test12_Verfiy_Search_bar_is_working" finished-at="2023-01-31T18:23:09 IST" duration-ms="262" status="PASS">
          <reporter-output>
          </reporter-output>
        </test-method> <!-- Test12_Verfiy_Search_bar_is_working -->
        <test-method is-config="true" signature="EndSession()[pri:0, instance:youtubeYT.tests.SearchPage_YT@2e8c1c9b]" started-at="2023-01-31T18:23:09 IST" name="EndSession" finished-at="2023-01-31T18:23:09 IST" duration-ms="136" status="PASS">
          <reporter-output>
          </reporter-output>
        </test-method> <!-- EndSession -->
      </class> <!-- youtubeYT.tests.SearchPage_YT -->
      <class name="youtubeYT.tests.HomePage_YT">
        <test-method is-config="true" signature="Launch_browser(java.lang.String)[pri:0, instance:youtubeYT.tests.HomePage_YT@7526515b]" started-at="2023-01-31T18:22:41 IST" name="Launch_browser" finished-at="2023-01-31T18:22:47 IST" duration-ms="6185" status="PASS">
          <params>
            <param index="0">
              <value>
                <![CDATA[Chrome]]>
              </value>
            </param>
          </params>
          <reporter-output>
          </reporter-output>
        </test-method> <!-- Launch_browser -->
        <test-method signature="Test01_Launch_application()[pri:0, instance:youtubeYT.tests.HomePage_YT@7526515b]" started-at="2023-01-31T18:22:47 IST" name="Test01_Launch_application" finished-at="2023-01-31T18:22:57 IST" duration-ms="9422" status="PASS">
          <reporter-output>
          </reporter-output>
        </test-method> <!-- Test01_Launch_application -->
        <test-method signature="Test02_Verfiy_Music_Tab_Hor_menu_is_present()[pri:0, instance:youtubeYT.tests.HomePage_YT@7526515b]" started-at="2023-01-31T18:22:57 IST" name="Test02_Verfiy_Music_Tab_Hor_menu_is_present" finished-at="2023-01-31T18:22:57 IST" duration-ms="118" status="PASS">
          <reporter-output>
          </reporter-output>
        </test-method> <!-- Test02_Verfiy_Music_Tab_Hor_menu_is_present -->
        <test-method is-config="true" signature="EndSession()[pri:0, instance:youtubeYT.tests.HomePage_YT@7526515b]" started-at="2023-01-31T18:22:57 IST" name="EndSession" finished-at="2023-01-31T18:22:57 IST" duration-ms="134" status="PASS">
          <reporter-output>
          </reporter-output>
        </test-method> <!-- EndSession -->
      </class> <!-- youtubeYT.tests.HomePage_YT -->
    </test> <!-- Test -->
  </suite> <!-- Suite -->
</testng-results>
